Arguments: 
  C:\Program Files\nodejs\node.exe C:\Users\gabri\AppData\Roaming\npm\node_modules\yarn\bin\yarn.js load

PATH: 
  C:\Windows\system32;C:\Windows;C:\Windows\System32\Wbem;C:\Windows\System32\WindowsPowerShell\v1.0\;C:\Windows\System32\OpenSSH\;C:\Program Files\Git\cmd;C:\php;C:\ProgramData\ComposerSetup\bin;C:\Program Files\nodejs\;C:\Users\gabri\AppData\Local\Programs\Python\Python37\Scripts\;C:\Users\gabri\AppData\Local\Programs\Python\Python37\;C:\Program Files\MySQL\MySQL Shell 8.0\bin\;C:\Users\gabri\AppData\Local\Microsoft\WindowsApps;C:\Users\gabri\AppData\Local\Programs\Microsoft VS Code\bin;C:\src\flutter\bin;C:\Users\gabri\AppData\Roaming\Composer\vendor\bin;C:\Program Files\Android\Android Studio\jre\bin;C:\Users\gabri\AppData\Roaming\npm

Yarn version: 
  1.22.10

Node version: 
  14.15.0

Platform: 
  win32 x64

Trace: 
  SyntaxError: C:\Users\gabri\Desktop\mais-gamer-node\package.json: Unexpected string in JSON at position 147
      at JSON.parse (<anonymous>)
      at C:\Users\gabri\AppData\Roaming\npm\node_modules\yarn\lib\cli.js:1625:59
      at Generator.next (<anonymous>)
      at step (C:\Users\gabri\AppData\Roaming\npm\node_modules\yarn\lib\cli.js:310:30)
      at C:\Users\gabri\AppData\Roaming\npm\node_modules\yarn\lib\cli.js:321:13

npm manifest: 
  {
    "name": "mais-gamer-node",
    "version": "1.0.0",
    "main": "index.js",
    "license": "MIT",
    "scripts": {
      "load": "nodemon index.js"
    }
    "dependencies": {
      "body-parser": "^1.19.0",
      "dotenv": "^8.2.0",
      "ejs": "^3.1.5",
      "express": "^4.17.1",
      "mysql2": "^2.2.5",
      "nodemon": "^2.0.6"
    }
  }

yarn manifest: 
  No manifest

Lockfile: 
  No lockfile
